<?xml version="1.0" encoding="UTF-8"?>
<!-- Generated by org.testng.reporters.JUnitXMLReporter -->
<testsuite ignored="2" hostname="DESKTOP-LELF0B0" failures="0" tests="3" name="Test" time="73.887" errors="0" timestamp="2021-12-27T18:18:52 IST">
  <testcase classname="com.crm.AutoDesk.Contacts.CreateContactTest" name="createContactTest" time="19.389"/>
  <testcase classname="com.crm.AutoDesk.Organisation.CreateOrgTest" name="createOrg" time="15.687"/>
  <testcase classname="com.crm.AutoDesk.Organisation.CreateOrgTest" name="demo" time="0.002"/>
  <testcase classname="com.crm.autodesk.genericUtilities.BaseClass" name="@BeforeSuite dbConnection" time="0.0">
    <ignored/>
  </testcase> <!-- @BeforeSuite dbConnection -->
  <testcase classname="com.crm.autodesk.genericUtilities.BaseClass" name="@AfterSuite closeDbConnection" time="0.0">
    <ignored/>
  </testcase> <!-- @AfterSuite closeDbConnection -->
</testsuite> <!-- Test -->
