<?xml version="1.0" encoding="UTF-8"?>
<testng-results ignored="2" total="5" passed="3" failed="0" skipped="0">
  <reporter-output>
  </reporter-output>
  <suite started-at="2021-12-27T18:17:38 IST" name="Suite" finished-at="2021-12-27T18:18:52 IST" duration-ms="73887">
    <groups>
      <group name="RegressionSuite">
        <method signature="CreateContactTest.createContactTest()[pri:0, instance:com.crm.AutoDesk.Contacts.CreateContactTest@5d7148e2]" name="createContactTest" class="com.crm.AutoDesk.Contacts.CreateContactTest"/>
        <method signature="CreateOrgTest.createOrg()[pri:0, instance:com.crm.AutoDesk.Organisation.CreateOrgTest@741a8937]" name="createOrg" class="com.crm.AutoDesk.Organisation.CreateOrgTest"/>
        <method signature="CreateOrgTest.demo()[pri:0, instance:com.crm.AutoDesk.Organisation.CreateOrgTest@741a8937]" name="demo" class="com.crm.AutoDesk.Organisation.CreateOrgTest"/>
      </group> <!-- RegressionSuite -->
      <group name="SmokeSuite">
        <method signature="CreateContactTest.createContactTest()[pri:0, instance:com.crm.AutoDesk.Contacts.CreateContactTest@5d7148e2]" name="createContactTest" class="com.crm.AutoDesk.Contacts.CreateContactTest"/>
        <method signature="CreateOrgTest.createOrg()[pri:0, instance:com.crm.AutoDesk.Organisation.CreateOrgTest@741a8937]" name="createOrg" class="com.crm.AutoDesk.Organisation.CreateOrgTest"/>
        <method signature="CreateOrgTest.demo()[pri:0, instance:com.crm.AutoDesk.Organisation.CreateOrgTest@741a8937]" name="demo" class="com.crm.AutoDesk.Organisation.CreateOrgTest"/>
      </group> <!-- SmokeSuite -->
    </groups>
    <test started-at="2021-12-27T18:17:38 IST" name="Test" finished-at="2021-12-27T18:18:52 IST" duration-ms="73887">
      <class name="com.crm.AutoDesk.Contacts.CreateContactTest">
        <test-method is-config="true" signature="dbConnection()[pri:0, instance:com.crm.AutoDesk.Contacts.CreateContactTest@5d7148e2]" started-at="2021-12-27T18:17:38 IST" name="dbConnection" finished-at="2021-12-27T18:17:38 IST" duration-ms="11" status="PASS">
          <reporter-output>
          </reporter-output>
        </test-method> <!-- dbConnection -->
        <test-method is-config="true" signature="launchBrowser()[pri:0, instance:com.crm.AutoDesk.Contacts.CreateContactTest@5d7148e2]" started-at="2021-12-27T18:17:38 IST" name="launchBrowser" finished-at="2021-12-27T18:17:44 IST" duration-ms="6435" status="PASS">
          <reporter-output>
          </reporter-output>
        </test-method> <!-- launchBrowser -->
        <test-method is-config="true" signature="loginToApp()[pri:0, instance:com.crm.AutoDesk.Contacts.CreateContactTest@5d7148e2]" started-at="2021-12-27T18:17:45 IST" name="loginToApp" finished-at="2021-12-27T18:17:50 IST" duration-ms="5734" status="PASS">
          <reporter-output>
          </reporter-output>
        </test-method> <!-- loginToApp -->
        <test-method signature="createContactTest()[pri:0, instance:com.crm.AutoDesk.Contacts.CreateContactTest@5d7148e2]" started-at="2021-12-27T18:17:50 IST" name="createContactTest" finished-at="2021-12-27T18:18:10 IST" duration-ms="19389" status="PASS">
          <reporter-output>
          </reporter-output>
        </test-method> <!-- createContactTest -->
        <test-method is-config="true" signature="logoutOfApp()[pri:0, instance:com.crm.AutoDesk.Contacts.CreateContactTest@5d7148e2]" started-at="2021-12-27T18:18:10 IST" name="logoutOfApp" finished-at="2021-12-27T18:18:12 IST" duration-ms="2062" status="PASS">
          <reporter-output>
          </reporter-output>
        </test-method> <!-- logoutOfApp -->
        <test-method is-config="true" signature="closeBrowser()[pri:0, instance:com.crm.AutoDesk.Contacts.CreateContactTest@5d7148e2]" started-at="2021-12-27T18:18:12 IST" name="closeBrowser" finished-at="2021-12-27T18:18:13 IST" duration-ms="1219" status="PASS">
          <reporter-output>
          </reporter-output>
        </test-method> <!-- closeBrowser -->
        <test-method is-config="true" signature="closeDbConnection()[pri:0, instance:com.crm.AutoDesk.Contacts.CreateContactTest@5d7148e2]" started-at="2021-12-27T18:18:52 IST" name="closeDbConnection" finished-at="2021-12-27T18:18:52 IST" duration-ms="1" status="PASS">
          <reporter-output>
          </reporter-output>
        </test-method> <!-- closeDbConnection -->
      </class> <!-- com.crm.AutoDesk.Contacts.CreateContactTest -->
      <class name="com.crm.AutoDesk.Organisation.CreateOrgTest">
        <test-method is-config="true" signature="launchBrowser()[pri:0, instance:com.crm.AutoDesk.Organisation.CreateOrgTest@741a8937]" started-at="2021-12-27T18:18:13 IST" name="launchBrowser" finished-at="2021-12-27T18:18:18 IST" duration-ms="5216" status="PASS">
          <reporter-output>
          </reporter-output>
        </test-method> <!-- launchBrowser -->
        <test-method is-config="true" signature="loginToApp()[pri:0, instance:com.crm.AutoDesk.Organisation.CreateOrgTest@741a8937]" started-at="2021-12-27T18:18:18 IST" name="loginToApp" finished-at="2021-12-27T18:18:22 IST" duration-ms="4185" status="PASS">
          <reporter-output>
          </reporter-output>
        </test-method> <!-- loginToApp -->
        <test-method signature="createOrg()[pri:0, instance:com.crm.AutoDesk.Organisation.CreateOrgTest@741a8937]" started-at="2021-12-27T18:18:22 IST" name="createOrg" finished-at="2021-12-27T18:18:38 IST" duration-ms="15687" status="PASS">
          <reporter-output>
          </reporter-output>
        </test-method> <!-- createOrg -->
        <test-method is-config="true" signature="logoutOfApp()[pri:0, instance:com.crm.AutoDesk.Organisation.CreateOrgTest@741a8937]" started-at="2021-12-27T18:18:38 IST" name="logoutOfApp" finished-at="2021-12-27T18:18:40 IST" duration-ms="2039" status="PASS">
          <reporter-output>
          </reporter-output>
        </test-method> <!-- logoutOfApp -->
        <test-method is-config="true" signature="loginToApp()[pri:0, instance:com.crm.AutoDesk.Organisation.CreateOrgTest@741a8937]" started-at="2021-12-27T18:18:40 IST" name="loginToApp" finished-at="2021-12-27T18:18:44 IST" duration-ms="3631" status="PASS">
          <reporter-output>
          </reporter-output>
        </test-method> <!-- loginToApp -->
        <test-method signature="demo()[pri:0, instance:com.crm.AutoDesk.Organisation.CreateOrgTest@741a8937]" started-at="2021-12-27T18:18:44 IST" name="demo" finished-at="2021-12-27T18:18:44 IST" duration-ms="2" status="PASS">
          <reporter-output>
          </reporter-output>
        </test-method> <!-- demo -->
        <test-method is-config="true" signature="logoutOfApp()[pri:0, instance:com.crm.AutoDesk.Organisation.CreateOrgTest@741a8937]" started-at="2021-12-27T18:18:44 IST" name="logoutOfApp" finished-at="2021-12-27T18:18:52 IST" duration-ms="7833" status="PASS">
          <reporter-output>
          </reporter-output>
        </test-method> <!-- logoutOfApp -->
        <test-method is-config="true" signature="closeBrowser()[pri:0, instance:com.crm.AutoDesk.Organisation.CreateOrgTest@741a8937]" started-at="2021-12-27T18:18:52 IST" name="closeBrowser" finished-at="2021-12-27T18:18:52 IST" duration-ms="387" status="PASS">
          <reporter-output>
          </reporter-output>
        </test-method> <!-- closeBrowser -->
      </class> <!-- com.crm.AutoDesk.Organisation.CreateOrgTest -->
    </test> <!-- Test -->
  </suite> <!-- Suite -->
</testng-results>
